app/build/intermediates/manifest_merge_blame_file/release/manifest-merger-blame-release-report.txt
1<?xml version="1.0" encoding="utf-8"?>
2<manifest xmlns:android="http://schemas.android.com/apk/res/android"
3    package="com.yassir.movies"
4    android:versionCode="1"
5    android:versionName="1.0" >
6
7    <uses-sdk
8        android:minSdkVersion="21"
8-->src/main/AndroidManifest.xml
9        android:targetSdkVersion="33" />
9-->src/main/AndroidManifest.xml
10
11    <uses-permission android:name="android.permission.INTERNET" />
11-->src/main/AndroidManifest.xml:5:5-67
11-->src/main/AndroidManifest.xml:5:22-64
12    <uses-permission android:name="android.permission.ACCESS_NETWORK_STATE" />
12-->src/main/AndroidManifest.xml:6:5-79
12-->src/main/AndroidManifest.xml:6:22-76
13    <uses-permission android:name="android.permission.ACCESS_WIFI_STATE" />
13-->src/main/AndroidManifest.xml:7:5-76
13-->src/main/AndroidManifest.xml:7:22-73
14
15    <permission
15-->[androidx.core:core:1.9.0] AndroidManifest.xml:22:5-24:47
16        android:name="com.yassir.movies.DYNAMIC_RECEIVER_NOT_EXPORTED_PERMISSION"
16-->[androidx.core:core:1.9.0] AndroidManifest.xml:23:9-81
17        android:protectionLevel="signature" />
17-->[androidx.core:core:1.9.0] AndroidManifest.xml:24:9-44
18
19    <uses-permission android:name="com.yassir.movies.DYNAMIC_RECEIVER_NOT_EXPORTED_PERMISSION" />
19-->[androidx.core:core:1.9.0] AndroidManifest.xml:26:5-97
19-->[androidx.core:core:1.9.0] AndroidManifest.xml:26:22-94
20
21    <application
21-->src/main/AndroidManifest.xml:10:5-53:19
22        android:name="com.yassir.movies.MyApplication"
22-->src/main/AndroidManifest.xml:11:9-38
23        android:allowBackup="true"
23-->src/main/AndroidManifest.xml:12:9-35
24        android:appComponentFactory="androidx.core.app.CoreComponentFactory"
24-->[androidx.core:core:1.9.0] AndroidManifest.xml:28:18-86
25        android:dataExtractionRules="@xml/data_extraction_rules"
25-->src/main/AndroidManifest.xml:13:9-65
26        android:fullBackupContent="@xml/backup_rules"
26-->src/main/AndroidManifest.xml:14:9-54
27        android:icon="@drawable/logo_app"
27-->src/main/AndroidManifest.xml:15:9-42
28        android:label="@string/app_name"
28-->src/main/AndroidManifest.xml:16:9-41
29        android:requestLegacyExternalStorage="true"
29-->src/main/AndroidManifest.xml:17:9-52
30        android:resizeableActivity="true"
30-->src/main/AndroidManifest.xml:18:9-42
31        android:roundIcon="@drawable/logo_app"
31-->src/main/AndroidManifest.xml:19:9-47
32        android:supportsRtl="true"
32-->src/main/AndroidManifest.xml:20:9-35
33        android:theme="@style/Theme.MyApplication"
33-->src/main/AndroidManifest.xml:21:9-51
34        android:usesCleartextTraffic="true" >
34-->src/main/AndroidManifest.xml:22:9-44
35        <activity
35-->src/main/AndroidManifest.xml:27:9-34:20
36            android:name="com.yassir.movies.presentation.ui.moviesList.HomeActivity"
36-->src/main/AndroidManifest.xml:28:13-68
37            android:exported="false"
37-->src/main/AndroidManifest.xml:29:13-37
38            android:screenOrientation="portrait" >
38-->src/main/AndroidManifest.xml:30:13-49
39            <meta-data
39-->src/main/AndroidManifest.xml:31:13-33:36
40                android:name="android.app.lib_name"
40-->src/main/AndroidManifest.xml:32:17-52
41                android:value="" />
41-->src/main/AndroidManifest.xml:33:17-33
42        </activity>
43        <activity
43-->src/main/AndroidManifest.xml:36:9-50:20
44            android:name="com.yassir.movies.presentation.ui.splash.SplashActivity"
44-->src/main/AndroidManifest.xml:37:13-66
45            android:exported="true"
45-->src/main/AndroidManifest.xml:38:13-36
46            android:screenOrientation="portrait"
46-->src/main/AndroidManifest.xml:39:13-49
47            android:theme="@style/SplashTheme" >
47-->src/main/AndroidManifest.xml:40:13-47
48            <intent-filter>
48-->src/main/AndroidManifest.xml:41:13-45:29
49                <action android:name="android.intent.action.MAIN" />
49-->src/main/AndroidManifest.xml:42:17-69
49-->src/main/AndroidManifest.xml:42:25-66
50
51                <category android:name="android.intent.category.LAUNCHER" />
51-->src/main/AndroidManifest.xml:44:17-77
51-->src/main/AndroidManifest.xml:44:27-74
52            </intent-filter>
53
54            <meta-data
54-->src/main/AndroidManifest.xml:31:13-33:36
55                android:name="android.app.lib_name"
55-->src/main/AndroidManifest.xml:32:17-52
56                android:value="" />
56-->src/main/AndroidManifest.xml:33:17-33
57        </activity>
58
59        <provider
59-->[androidx.emoji2:emoji2:1.2.0] AndroidManifest.xml:24:9-32:20
60            android:name="androidx.startup.InitializationProvider"
60-->[androidx.emoji2:emoji2:1.2.0] AndroidManifest.xml:25:13-67
61            android:authorities="com.yassir.movies.androidx-startup"
61-->[androidx.emoji2:emoji2:1.2.0] AndroidManifest.xml:26:13-68
62            android:exported="false" >
62-->[androidx.emoji2:emoji2:1.2.0] AndroidManifest.xml:27:13-37
63            <meta-data
63-->[androidx.emoji2:emoji2:1.2.0] AndroidManifest.xml:29:13-31:52
64                android:name="androidx.emoji2.text.EmojiCompatInitializer"
64-->[androidx.emoji2:emoji2:1.2.0] AndroidManifest.xml:30:17-75
65                android:value="androidx.startup" />
65-->[androidx.emoji2:emoji2:1.2.0] AndroidManifest.xml:31:17-49
66            <meta-data
66-->[androidx.lifecycle:lifecycle-process:2.6.0-rc01] AndroidManifest.xml:29:13-31:52
67                android:name="androidx.lifecycle.ProcessLifecycleInitializer"
67-->[androidx.lifecycle:lifecycle-process:2.6.0-rc01] AndroidManifest.xml:30:17-78
68                android:value="androidx.startup" />
68-->[androidx.lifecycle:lifecycle-process:2.6.0-rc01] AndroidManifest.xml:31:17-49
69            <meta-data
69-->[androidx.profileinstaller:profileinstaller:1.2.1] AndroidManifest.xml:30:13-32:52
70                android:name="androidx.profileinstaller.ProfileInstallerInitializer"
70-->[androidx.profileinstaller:profileinstaller:1.2.1] AndroidManifest.xml:31:17-85
71                android:value="androidx.startup" />
71-->[androidx.profileinstaller:profileinstaller:1.2.1] AndroidManifest.xml:32:17-49
72        </provider>
73
74        <uses-library
74-->[androidx.window:window:1.0.0] AndroidManifest.xml:25:9-27:40
75            android:name="androidx.window.extensions"
75-->[androidx.window:window:1.0.0] AndroidManifest.xml:26:13-54
76            android:required="false" />
76-->[androidx.window:window:1.0.0] AndroidManifest.xml:27:13-37
77        <uses-library
77-->[androidx.window:window:1.0.0] AndroidManifest.xml:28:9-30:40
78            android:name="androidx.window.sidecar"
78-->[androidx.window:window:1.0.0] AndroidManifest.xml:29:13-51
79            android:required="false" />
79-->[androidx.window:window:1.0.0] AndroidManifest.xml:30:13-37
80
81        <service
81-->[androidx.room:room-runtime:2.5.0] AndroidManifest.xml:24:9-28:63
82            android:name="androidx.room.MultiInstanceInvalidationService"
82-->[androidx.room:room-runtime:2.5.0] AndroidManifest.xml:25:13-74
83            android:directBootAware="true"
83-->[androidx.room:room-runtime:2.5.0] AndroidManifest.xml:26:13-43
84            android:exported="false" />
84-->[androidx.room:room-runtime:2.5.0] AndroidManifest.xml:27:13-37
85
86        <receiver
86-->[androidx.profileinstaller:profileinstaller:1.2.1] AndroidManifest.xml:35:9-47:20
87            android:name="androidx.profileinstaller.ProfileInstallReceiver"
87-->[androidx.profileinstaller:profileinstaller:1.2.1] AndroidManifest.xml:36:13-76
88            android:directBootAware="false"
88-->[androidx.profileinstaller:profileinstaller:1.2.1] AndroidManifest.xml:37:13-44
89            android:enabled="true"
89-->[androidx.profileinstaller:profileinstaller:1.2.1] AndroidManifest.xml:38:13-35
90            android:exported="true"
90-->[androidx.profileinstaller:profileinstaller:1.2.1] AndroidManifest.xml:39:13-36
91            android:permission="android.permission.DUMP" >
91-->[androidx.profileinstaller:profileinstaller:1.2.1] AndroidManifest.xml:40:13-57
92            <intent-filter>
92-->[androidx.profileinstaller:profileinstaller:1.2.1] AndroidManifest.xml:41:13-43:29
93                <action android:name="androidx.profileinstaller.action.INSTALL_PROFILE" />
93-->[androidx.profileinstaller:profileinstaller:1.2.1] AndroidManifest.xml:42:17-91
93-->[androidx.profileinstaller:profileinstaller:1.2.1] AndroidManifest.xml:42:25-88
94            </intent-filter>
95            <intent-filter>
95-->[androidx.profileinstaller:profileinstaller:1.2.1] AndroidManifest.xml:44:13-46:29
96                <action android:name="androidx.profileinstaller.action.SKIP_FILE" />
96-->[androidx.profileinstaller:profileinstaller:1.2.1] AndroidManifest.xml:45:17-85
96-->[androidx.profileinstaller:profileinstaller:1.2.1] AndroidManifest.xml:45:25-82
97            </intent-filter>
98        </receiver>
99    </application>
100
101</manifest>